<?xml version="1.0" encoding="UTF-8"?>
<testsuite xmlns:xsi="http://www.w3.org/2001/XMLSchema-instance" xsi:noNamespaceSchemaLocation="https://maven.apache.org/surefire/maven-surefire-plugin/xsd/surefire-test-report-3.0.xsd" version="3.0" name="com.the_internet.tests.SliderTests" time="5.165" tests="1" errors="0" skipped="0" failures="0">
  <properties>
[...]
</properties>
  <testcase name="SliderTest" classname="com.the_internet.tests.SliderTests" time="5.159">
    <system-out><![CDATA[02:53:22.164 [main] INFO  the_internet.utils.MyListener -- Open url - https://the-internet.herokuapp.com/
02:53:25.072 [main] INFO  com.the_internet.core.TestBase -- Start test SliderTest()
02:53:25.106 [main] INFO  the_internet.utils.MyListener -- Element Decorated {[[ChromeDriver: chrome on windows (89b32c4bbb65314d614df9826bfaff3c)] -> css selector: a[href^='/horizontal_slider']]} found
02:53:25.505 [main] INFO  the_internet.utils.MyListener -- We clicked on element [[ChromeDriver: chrome on windows (89b32c4bbb65314d614df9826bfaff3c)] -> css selector: a[href^='/horizontal_slider']]
02:53:25.536 [Forwarding actions on session 89b32c4bbb65314d614df9826bfaff3c to remote] INFO  the_internet.utils.MyListener -- Element Decorated {[[ChromeDriver: chrome on windows (89b32c4bbb65314d614df9826bfaff3c)] -> css selector: input[type='range']]} found
02:53:25.966 [main] INFO  the_internet.utils.MyListener -- Element Decorated {[[ChromeDriver: chrome on windows (89b32c4bbb65314d614df9826bfaff3c)] -> id: range]} found
02:53:26.185 [main] INFO  com.the_internet.core.TestBase -- Stop test
02:53:26.186 [main] INFO  com.the_internet.core.TestBase -- ********************************************
]]></system-out>
    <system-err><![CDATA[???. 17, 2025 2:53:21 AM org.openqa.selenium.manager.SeleniumManager lambda$runCommand$1
WARNING: The chromedriver version (137.0.7151.70) detected in PATH at C:\Tools\chromedriver.exe might not be compatible with the detected chrome version (138.0.7204.185); currently, chromedriver 138.0.7204.183 is recommended for chrome 138.*, so it is advised to delete the driver in PATH and retry
]]></system-err>
  </testcase>
</testsuite>