<?xml version="1.0" encoding="UTF-8"?>
<testsuite xmlns:xsi="http://www.w3.org/2001/XMLSchema-instance" xsi:noNamespaceSchemaLocation="https://maven.apache.org/surefire/maven-surefire-plugin/xsd/surefire-test-report-3.0.xsd" version="3.0" name="com.the_internet.tests.AlertsFrameWindowsTests" time="56.091" tests="6" errors="0" skipped="0" failures="0">
  <properties>
[...]
</properties>
  <testcase name="nestedFramesTest" classname="com.the_internet.tests.AlertsFrameWindowsTests" time="12.049"/>
  <testcase name="switchToNewTabTest" classname="com.the_internet.tests.AlertsFrameWindowsTests" time="9.348"/>
  <testcase name="waitAlertTest" classname="com.the_internet.tests.AlertsFrameWindowsTests" time="9.121"/>
  <testcase name="switchToFrameByNameTest" classname="com.the_internet.tests.AlertsFrameWindowsTests" time="9.171"/>
  <testcase name="alertWithSelectResultTest" classname="com.the_internet.tests.AlertsFrameWindowsTests" time="8.732"/>
  <testcase name="sendMessageToAlertTest" classname="com.the_internet.tests.AlertsFrameWindowsTests" time="7.629"/>
</testsuite>